# JRE version: OpenJDK Runtime Environment (11.0.3+7) (build 11.0.3+7-Ubuntu-1ubuntu218.04.1)
# Java VM: OpenJDK 64-Bit Server VM (11.0.3+7-Ubuntu-1ubuntu218.04.1, mixed mode, sharing, tiered, compressed oops, g1 gc, linux-amd64)
Heap:
 garbage-first heap   total 208896K, used 61774K [0x0000000081e00000, 0x0000000100000000)
  region size 1024K, 56 young (57344K), 8 survivors (8192K)
 Metaspace       used 29342K, capacity 30260K, committed 30384K, reserved 1075200K
  class space    used 3693K, capacity 4039K, committed 4096K, reserved 1048576K
GC Heap History (10 events):
Event: 1.382 GC heap before
{Heap before GC invocations=0 (full 0):
 garbage-first heap   total 133120K, used 13948K [0x0000000081e00000, 0x0000000100000000)
  region size 1024K, 14 young (14336K), 0 survivors (0K)
 Metaspace       used 3964K, capacity 5925K, committed 6016K, reserved 1056768K
  class space    used 437K, capacity 619K, committed 640K, reserved 1048576K
}
Event: 1.412 GC heap after
{Heap after GC invocations=1 (full 0):
 garbage-first heap   total 133120K, used 4951K [0x0000000081e00000, 0x0000000100000000)
  region size 1024K, 2 young (2048K), 2 survivors (2048K)
 Metaspace       used 3964K, capacity 5925K, committed 6016K, reserved 1056768K
  class space    used 437K, capacity 619K, committed 640K, reserved 1048576K
}
Event: 2.886 GC heap before
{Heap before GC invocations=1 (full 0):
 garbage-first heap   total 133120K, used 29527K [0x0000000081e00000, 0x0000000100000000)
  region size 1024K, 26 young (26624K), 2 survivors (2048K)
 Metaspace       used 8439K, capacity 9513K, committed 9600K, reserved 1058816K
  class space    used 1018K, capacity 1136K, committed 1152K, reserved 1048576K
}
Event: 2.921 GC heap after
{Heap after GC invocations=2 (full 0):
 garbage-first heap   total 133120K, used 6298K [0x0000000081e00000, 0x0000000100000000)
  region size 1024K, 4 young (4096K), 4 survivors (4096K)
 Metaspace       used 8439K, capacity 9513K, committed 9600K, reserved 1058816K
  class space    used 1018K, capacity 1136K, committed 1152K, reserved 1048576K
}
Event: 3.969 GC heap before
{Heap before GC invocations=2 (full 0):
 garbage-first heap   total 133120K, used 33946K [0x0000000081e00000, 0x0000000100000000)
  region size 1024K, 31 young (31744K), 4 survivors (4096K)
 Metaspace       used 13370K, capacity 13701K, committed 13824K, reserved 1060864K
  class space    used 1789K, capacity 1939K, committed 2048K, reserved 1048576K
}
Event: 4.021 GC heap after
{Heap after GC invocations=3 (full 0):
 garbage-first heap   total 133120K, used 7415K [0x0000000081e00000, 0x0000000100000000)
  region size 1024K, 3 young (3072K), 3 survivors (3072K)
 Metaspace       used 13370K, capacity 13701K, committed 13824K, reserved 1060864K
  class space    used 1789K, capacity 1939K, committed 2048K, reserved 1048576K
}
Event: 5.930 GC heap before
{Heap before GC invocations=3 (full 0):
 garbage-first heap   total 133120K, used 48375K [0x0000000081e00000, 0x0000000100000000)
  region size 1024K, 45 young (46080K), 3 survivors (3072K)
 Metaspace       used 20602K, capacity 21176K, committed 21296K, reserved 1067008K
  class space    used 2655K, capacity 2881K, committed 2944K, reserved 1048576K
}
Event: 6.032 GC heap after
{Heap after GC invocations=4 (full 0):
 garbage-first heap   total 133120K, used 9491K [0x0000000081e00000, 0x0000000100000000)
  region size 1024K, 5 young (5120K), 5 survivors (5120K)
 Metaspace       used 20602K, capacity 21176K, committed 21296K, reserved 1067008K
  class space    used 2655K, capacity 2881K, committed 2944K, reserved 1048576K
}
Event: 8.259 GC heap before
{Heap before GC invocations=5 (full 0):
 garbage-first heap   total 133120K, used 65811K [0x0000000081e00000, 0x0000000100000000)
  region size 1024K, 60 young (61440K), 5 survivors (5120K)
 Metaspace       used 27324K, capacity 28141K, committed 28336K, reserved 1073152K
  class space    used 3457K, capacity 3786K, committed 3840K, reserved 1048576K
}
Event: 8.315 GC heap after
{Heap after GC invocations=6 (full 0):
 garbage-first heap   total 208896K, used 13646K [0x0000000081e00000, 0x0000000100000000)
  region size 1024K, 8 young (8192K), 8 survivors (8192K)
 Metaspace       used 27324K, capacity 28141K, committed 28336K, reserved 1073152K
  class space    used 3457K, capacity 3786K, committed 3840K, reserved 1048576K
}

