# JRE version: OpenJDK Runtime Environment (11.0.3+7) (build 11.0.3+7-Ubuntu-1ubuntu218.04.1)
# Java VM: OpenJDK 64-Bit Server VM (11.0.3+7-Ubuntu-1ubuntu218.04.1, mixed mode, sharing, tiered, compressed oops, g1 gc, linux-amd64)
Heap:
 garbage-first heap   total 165888K, used 41345K [0x0000000081e00000, 0x0000000100000000)
  region size 1024K, 37 young (37888K), 5 survivors (5120K)
 Metaspace       used 25532K, capacity 26307K, committed 26544K, reserved 1073152K
  class space    used 3235K, capacity 3539K, committed 3584K, reserved 1048576K
GC Heap History (10 events):
Event: 1.101 GC heap before
{Heap before GC invocations=0 (full 0):
 garbage-first heap   total 133120K, used 13948K [0x0000000081e00000, 0x0000000100000000)
  region size 1024K, 14 young (14336K), 0 survivors (0K)
 Metaspace       used 3982K, capacity 5925K, committed 6016K, reserved 1056768K
  class space    used 437K, capacity 619K, committed 640K, reserved 1048576K
}
Event: 1.121 GC heap after
{Heap after GC invocations=1 (full 0):
 garbage-first heap   total 133120K, used 5354K [0x0000000081e00000, 0x0000000100000000)
  region size 1024K, 2 young (2048K), 2 survivors (2048K)
 Metaspace       used 3982K, capacity 5925K, committed 6016K, reserved 1056768K
  class space    used 437K, capacity 619K, committed 640K, reserved 1048576K
}
Event: 1.590 GC heap before
{Heap before GC invocations=1 (full 0):
 garbage-first heap   total 133120K, used 17642K [0x0000000081e00000, 0x0000000100000000)
  region size 1024K, 14 young (14336K), 2 survivors (2048K)
 Metaspace       used 6021K, capacity 7480K, committed 7552K, reserved 1056768K
  class space    used 680K, capacity 839K, committed 896K, reserved 1048576K
}
Event: 1.605 GC heap after
{Heap after GC invocations=2 (full 0):
 garbage-first heap   total 133120K, used 5686K [0x0000000081e00000, 0x0000000100000000)
  region size 1024K, 1 young (1024K), 1 survivors (1024K)
 Metaspace       used 6021K, capacity 7480K, committed 7552K, reserved 1056768K
  class space    used 680K, capacity 839K, committed 896K, reserved 1048576K
}
Event: 2.871 GC heap before
{Heap before GC invocations=2 (full 0):
 garbage-first heap   total 133120K, used 40502K [0x0000000081e00000, 0x0000000100000000)
  region size 1024K, 36 young (36864K), 1 survivors (1024K)
 Metaspace       used 12448K, capacity 12839K, committed 13184K, reserved 1060864K
  class space    used 1648K, capacity 1802K, committed 1920K, reserved 1048576K
}
Event: 2.890 GC heap after
{Heap after GC invocations=3 (full 0):
 garbage-first heap   total 133120K, used 7382K [0x0000000081e00000, 0x0000000100000000)
  region size 1024K, 3 young (3072K), 3 survivors (3072K)
 Metaspace       used 12448K, capacity 12839K, committed 13184K, reserved 1060864K
  class space    used 1648K, capacity 1802K, committed 1920K, reserved 1048576K
}
Event: 3.970 GC heap before
{Heap before GC invocations=3 (full 0):
 garbage-first heap   total 133120K, used 57558K [0x0000000081e00000, 0x0000000100000000)
  region size 1024K, 52 young (53248K), 3 survivors (3072K)
 Metaspace       used 20386K, capacity 20922K, committed 21120K, reserved 1067008K
  class space    used 2619K, capacity 2817K, committed 2944K, reserved 1048576K
}
Event: 3.994 GC heap after
{Heap after GC invocations=4 (full 0):
 garbage-first heap   total 133120K, used 9757K [0x0000000081e00000, 0x0000000100000000)
  region size 1024K, 5 young (5120K), 5 survivors (5120K)
 Metaspace       used 20386K, capacity 20922K, committed 21120K, reserved 1067008K
  class space    used 2619K, capacity 2817K, committed 2944K, reserved 1048576K
}
Event: 4.012 GC heap before
{Heap before GC invocations=4 (full 0):
 garbage-first heap   total 133120K, used 9757K [0x0000000081e00000, 0x0000000100000000)
  region size 1024K, 6 young (6144K), 5 survivors (5120K)
 Metaspace       used 20521K, capacity 21074K, committed 21296K, reserved 1067008K
  class space    used 2631K, capacity 2822K, committed 2944K, reserved 1048576K
}
Event: 4.032 GC heap after
{Heap after GC invocations=5 (full 0):
 garbage-first heap   total 165888K, used 9601K [0x0000000081e00000, 0x0000000100000000)
  region size 1024K, 5 young (5120K), 5 survivors (5120K)
 Metaspace       used 20521K, capacity 21074K, committed 21296K, reserved 1067008K
  class space    used 2631K, capacity 2822K, committed 2944K, reserved 1048576K
}

