# JRE version: OpenJDK Runtime Environment (11.0.3+7) (build 11.0.3+7-Ubuntu-1ubuntu218.04.1)
# Java VM: OpenJDK 64-Bit Server VM (11.0.3+7-Ubuntu-1ubuntu218.04.1, mixed mode, sharing, tiered, compressed oops, g1 gc, linux-amd64)
Heap:
 garbage-first heap   total 178176K, used 62692K [0x0000000081e00000, 0x0000000100000000)
  region size 1024K, 37 young (37888K), 11 survivors (11264K)
 Metaspace       used 32849K, capacity 33732K, committed 33920K, reserved 1079296K
  class space    used 3736K, capacity 4114K, committed 4224K, reserved 1048576K
GC Heap History (10 events):
Event: 3.880 GC heap before
{Heap before GC invocations=3 (full 0):
 garbage-first heap   total 133120K, used 52009K [0x0000000081e00000, 0x0000000100000000)
  region size 1024K, 48 young (49152K), 2 survivors (2048K)
 Metaspace       used 13070K, capacity 14529K, committed 14592K, reserved 1062912K
  class space    used 1523K, capacity 1764K, committed 1792K, reserved 1048576K
}
Event: 3.916 GC heap after
{Heap after GC invocations=4 (full 0):
 garbage-first heap   total 133120K, used 10914K [0x0000000081e00000, 0x0000000100000000)
  region size 1024K, 6 young (6144K), 6 survivors (6144K)
 Metaspace       used 13070K, capacity 14529K, committed 14592K, reserved 1062912K
  class space    used 1523K, capacity 1764K, committed 1792K, reserved 1048576K
}
Event: 4.730 GC heap before
{Heap before GC invocations=4 (full 0):
 garbage-first heap   total 133120K, used 66210K [0x0000000081e00000, 0x0000000100000000)
  region size 1024K, 60 young (61440K), 6 survivors (6144K)
 Metaspace       used 13547K, capacity 14882K, committed 15104K, reserved 1062912K
  class space    used 1552K, capacity 1774K, committed 1792K, reserved 1048576K
}
Event: 4.773 GC heap after
{Heap after GC invocations=5 (full 0):
 garbage-first heap   total 133120K, used 15996K [0x0000000081e00000, 0x0000000100000000)
  region size 1024K, 5 young (5120K), 5 survivors (5120K)
 Metaspace       used 13547K, capacity 14882K, committed 15104K, reserved 1062912K
  class space    used 1552K, capacity 1774K, committed 1792K, reserved 1048576K
}
Event: 6.443 GC heap before
{Heap before GC invocations=5 (full 0):
 garbage-first heap   total 133120K, used 57980K [0x0000000081e00000, 0x0000000100000000)
  region size 1024K, 47 young (48128K), 5 survivors (5120K)
 Metaspace       used 20534K, capacity 20999K, committed 21248K, reserved 1069056K
  class space    used 2400K, capacity 2552K, committed 2560K, reserved 1048576K
}
Event: 6.490 GC heap after
{Heap after GC invocations=6 (full 0):
 garbage-first heap   total 178176K, used 20971K [0x0000000081e00000, 0x0000000100000000)
  region size 1024K, 5 young (5120K), 5 survivors (5120K)
 Metaspace       used 20534K, capacity 20999K, committed 21248K, reserved 1069056K
  class space    used 2400K, capacity 2552K, committed 2560K, reserved 1048576K
}
Event: 9.555 GC heap before
{Heap before GC invocations=7 (full 0):
 garbage-first heap   total 178176K, used 87531K [0x0000000081e00000, 0x0000000100000000)
  region size 1024K, 70 young (71680K), 5 survivors (5120K)
 Metaspace       used 29108K, capacity 29863K, committed 30080K, reserved 1075200K
  class space    used 3375K, capacity 3660K, committed 3712K, reserved 1048576K
}
Event: 9.577 GC heap after
{Heap after GC invocations=8 (full 0):
 garbage-first heap   total 178176K, used 27260K [0x0000000081e00000, 0x0000000100000000)
  region size 1024K, 9 young (9216K), 9 survivors (9216K)
 Metaspace       used 29108K, capacity 29863K, committed 30080K, reserved 1075200K
  class space    used 3375K, capacity 3660K, committed 3712K, reserved 1048576K
}
Event: 11.142 GC heap before
{Heap before GC invocations=8 (full 0):
 garbage-first heap   total 178176K, used 103036K [0x0000000081e00000, 0x0000000100000000)
  region size 1024K, 84 young (86016K), 9 survivors (9216K)
 Metaspace       used 31899K, capacity 32722K, committed 33024K, reserved 1079296K
  class space    used 3635K, capacity 4011K, committed 4096K, reserved 1048576K
}
Event: 11.178 GC heap after
{Heap after GC invocations=9 (full 0):
 garbage-first heap   total 178176K, used 37092K [0x0000000081e00000, 0x0000000100000000)
  region size 1024K, 11 young (11264K), 11 survivors (11264K)
 Metaspace       used 31899K, capacity 32722K, committed 33024K, reserved 1079296K
  class space    used 3635K, capacity 4011K, committed 4096K, reserved 1048576K
}

